Start testing: Aug 01 20:35 UTC
----------------------------------------------------------
1/3 Testing: TEST_DB_OPERATIONS
1/3 Test: TEST_DB_OPERATIONS
Command: "/home/travis/build/Alkud/OTUS_HOMEWORK_13/unit_tests/db_operations_test"
Directory: /home/travis/build/Alkud/OTUS_HOMEWORK_13/unit_tests
"TEST_DB_OPERATIONS" start time: Aug 01 20:35 UTC
Output:
----------------------------------------------------------
Running 9 test cases...

*** No errors detected
<end of output>
Test time =   0.00 sec
----------------------------------------------------------
Test Passed.
"TEST_DB_OPERATIONS" end time: Aug 01 20:35 UTC
"TEST_DB_OPERATIONS" time elapsed: 00:00:00
----------------------------------------------------------

2/3 Testing: TEST_COMMAND_TRANSLATION
2/3 Test: TEST_COMMAND_TRANSLATION
Command: "/home/travis/build/Alkud/OTUS_HOMEWORK_13/unit_tests/command_translation_test"
Directory: /home/travis/build/Alkud/OTUS_HOMEWORK_13/unit_tests
"TEST_COMMAND_TRANSLATION" start time: Aug 01 20:35 UTC
Output:
----------------------------------------------------------
Running 3 test cases...

*** No errors detected
<end of output>
Test time =   0.00 sec
----------------------------------------------------------
Test Passed.
"TEST_COMMAND_TRANSLATION" end time: Aug 01 20:35 UTC
"TEST_COMMAND_TRANSLATION" time elapsed: 00:00:00
----------------------------------------------------------

3/3 Testing: TEST_SERVER_BASIC_OPERATIONS
3/3 Test: TEST_SERVER_BASIC_OPERATIONS
Command: "/home/travis/build/Alkud/OTUS_HOMEWORK_13/unit_tests/server_basic_test"
Directory: /home/travis/build/Alkud/OTUS_HOMEWORK_13/unit_tests
"TEST_SERVER_BASIC_OPERATIONS" start time: Aug 01 20:35 UTC
Output:
----------------------------------------------------------
Running 7 test cases...
-- reader destructor
-- reader destructor
-- reader destructor
-- reader destructor
-- reader destructor
-- reader destructor
-- reader destructor
-- reader destructor
-- reader destructor
-- reader destructor
-- reader destructor
-- reader destructor
-- reader destructor
-- reader destructor
-- reader destructor
-- reader destructor
-- reader destructor
-- reader destructor
-- reader destructor
-- reader destructor
-- reader destructor
-- reader destructor
-- reader destructor
-- reader destructor
-- reader destructor
-- reader destructor
-- reader destructor
-- reader destructor
-- reader destructor
-- reader destructor
-- reader destructor
-- reader destructor
-- reader destructor
-- reader destructor
-- reader destructor
-- reader destructor
-- reader destructor
-- reader destructor
-- reader destructor
-- reader destructor
-- reader destructor
-- reader destructor
-- reader destructor
-- reader destructor
-- reader destructor
-- reader destructor
-- reader destructor
-- reader destructor
-- reader destructor
-- reader destructor
-- reader destructor
-- reader destructor
-- reader destructor
-- reader destructor
-- reader destructor
-- reader destructor
-- reader destructor
-- reader destructor
-- reader destructor
-- reader destructor
-- reader destructor
-- reader destructor
-- reader destructor
-- reader destructor
-- reader destructor
-- reader destructor
-- reader destructor
-- reader destructor
-- reader destructor
-- reader destructor
-- reader destructor
-- reader destructor
-- reader destructor
-- reader destructor
-- reader destructor
-- reader destructor
-- reader destructor
-- reader destructor
-- reader destructor
-- reader destructor
-- reader destructor
-- reader destructor
-- reader destructor
-- reader destructor
-- reader destructor
-- reader destructor
-- reader destructor
-- reader destructor
-- reader destructor
-- reader destructor
-- reader destructor
-- reader destructor
-- reader destructor
-- reader destructor
-- reader destructor
-- reader destructor
-- reader destructor
-- reader destructor
-- reader destructor
-- reader destructor
-- reader destructor
-- reader destructor
-- reader destructor
-- reader destructor
-- reader destructor
-- reader destructor
-- reader destructor
-- reader destructor
-- reader destructor
-- reader destructor
-- reader destructor
-- reader destructor
-- reader destructor
-- reader destructor
-- reader destructor
-- reader destructor
-- reader destructor
-- reader destructor
-- reader destructor
-- reader destructor
-- reader destructor
-- reader destructor
-- reader destructor
-- reader destructor
-- reader destructor
-- reader destructor
-- reader destructor
-- reader destructor
-- reader destructor
-- reader destructor
-- reader destructor
-- reader destructor
-- reader destructor
-- reader destructor
-- reader destructor
-- reader destructor
-- reader destructor
-- reader destructor
-- reader destructor
-- reader destructor
-- reader destructor
-- reader destructor
-- reader destructor
-- reader destructor
-- reader destructor
-- reader destructor
-- reader destructor
-- reader destructor
-- reader destructor
-- reader destructor
-- reader destructor
-- reader destructor
-- reader destructor
-- reader destructor
-- reader destructor
-- reader destructor
-- reader destructor
-- reader destructor
-- reader destructor
-- reader destructor
-- reader destructor
-- reader destructor
-- reader destructor
-- reader destructor
-- reader destructor
-- reader destructor
-- reader destructor
-- reader destructor
-- reader destructor
-- reader destructor
-- reader destructor
-- reader destructor
-- reader destructor
-- reader destructor
-- reader destructor
-- reader destructor
-- reader destructor
-- reader destructor
-- reader destructor
-- reader destructor
-- reader destructor
-- reader destructor
-- reader destructor
-- reader destructor
-- reader destructor
-- reader destructor
-- reader destructor
-- reader destructor
-- reader destructor
-- reader destructor
-- reader destructor
-- reader destructor
-- reader destructor
-- reader destructor
-- reader destructor
-- reader destructor
-- reader destructor
-- reader destructor
-- reader destructor
-- reader destructor
-- reader destructor
-- reader destructor
-- reader destructor
-- reader destructor
-- reader destructor
-- reader destructor
-- reader destructor
-- reader destructor
-- reader destructor
-- reader destructor
-- reader destructor
-- reader destructor
-- reader destructor
-- reader destructor
-- reader destructor
-- reader destructor
-- reader destructor
-- reader destructor
-- reader destructor
-- reader destructor
-- reader destructor
-- reader destructor
-- reader destructor
-- reader destructor
-- reader destructor
-- reader destructor
-- reader destructor
-- reader destructor
-- reader destructor
-- reader destructor
-- reader destructor
-- reader destructor
-- reader destructor
-- reader destructor
-- reader destructor
-- reader destructor
-- reader destructor
-- reader destructor
-- reader destructor
-- reader destructor
-- reader destructor
-- reader destructor
-- reader destructor
-- reader destructor
-- reader destructor
-- reader destructor
-- reader destructor
-- reader destructor
-- reader destructor
-- reader destructor
-- reader destructor
-- reader destructor
-- reader destructor
-- reader destructor
-- reader destructor
-- reader destructor
-- reader destructor
-- reader destructor
-- reader destructor
-- reader destructor
-- reader destructor
-- reader destructor
-- reader destructor
-- reader destructor
-- reader destructor
-- reader destructor
-- reader destructor
-- reader destructor
-- reader destructor
-- reader destructor
-- reader destructor
-- reader destructor
-- reader destructor
-- reader destructor
-- reader destructor
-- reader destructor
-- reader destructor
-- reader destructor
-- reader destructor
-- reader destructor
-- reader destructor
-- reader destructor
-- reader destructor
-- reader destructor
-- reader destructor
-- reader destructor
-- reader destructor
-- reader destructor
-- reader destructor
-- reader destructor
-- reader destructor
-- reader destructor
-- reader destructor
-- reader destructor
-- reader destructor
-- reader destructor
-- reader destructor
-- reader destructor
-- reader destructor
-- reader destructor
-- reader destructor
-- reader destructor
-- reader destructor
-- reader destructor
-- reader destructor
-- reader destructor
-- reader destructor
-- reader destructor
-- reader destructor
-- reader destructor
-- reader destructor
-- reader destructor
-- reader destructor
-- reader destructor
-- reader destructor
-- reader destructor
-- reader destructor
-- reader destructor
-- reader destructor
-- reader destructor
-- reader destructor
-- reader destructor
-- reader destructor
-- reader destructor
-- reader destructor
-- reader destructor
-- reader destructor
-- reader destructor
-- reader destructor
-- reader destructor
-- reader destructor
-- reader destructor
-- reader destructor
-- reader destructor
-- reader destructor
-- reader destructor
-- reader destructor
-- reader destructor
-- reader destructor
-- reader destructor
-- reader destructor
-- reader destructor
-- reader destructor
-- reader destructor
-- reader destructor
-- reader destructor
-- reader destructor
-- reader destructor
-- reader destructor
-- reader destructor
-- reader destructor
-- reader destructor
-- reader destructor
-- reader destructor
-- reader destructor
-- reader destructor
-- reader destructor
-- reader destructor
-- reader destructor
-- reader destructor
-- reader destructor
-- reader destructor
-- reader destructor
-- reader destructor
-- reader destructor
-- reader destructor
-- reader destructor
-- reader destructor
-- reader destructor
-- reader destructor
-- reader destructor
-- reader destructor
-- reader destructor
-- reader destructor
-- reader destructor
-- reader destructor
-- reader destructor
-- reader destructor
-- reader destructor
-- reader destructor
-- reader destructor
-- reader destructor
-- reader destructor
-- reader destructor
-- reader destructor
-- reader destructor
-- reader destructor
-- reader destructor
-- reader destructor
-- reader destructor
-- reader destructor
-- reader destructor
-- reader destructor
-- reader destructor
-- reader destructor
-- reader destructor
-- reader destructor
-- reader destructor
-- reader destructor
-- reader destructor
-- reader destructor
-- reader destructor
-- reader destructor
-- reader destructor
-- reader destructor
-- reader destructor
-- reader destructor
-- reader destructor
-- reader destructor
-- reader destructor
-- reader destructor
-- reader destructor
-- reader destructor
-- reader destructor
-- reader destructor
-- reader destructor
-- reader destructor
-- reader destructor
-- reader destructor
-- reader destructor
-- reader destructor
-- reader destructor
-- reader destructor
-- reader destructor
-- reader destructor
-- reader destructor
-- reader destructor
-- reader destructor
-- reader destructor
-- reader destructor
-- reader destructor
-- reader destructor
-- reader destructor
-- reader destructor
-- reader destructor
-- reader destructor
-- reader destructor
-- reader destructor
-- reader destructor
-- reader destructor
-- reader destructor
-- reader destructor
-- reader destructor
-- reader destructor
-- reader destructor
-- reader destructor
-- reader destructor
-- reader destructor
-- reader destructor
-- reader destructor
-- reader destructor
-- reader destructor
-- reader destructor

*** No errors detected
<end of output>
Test time =  22.82 sec
----------------------------------------------------------
Test Passed.
"TEST_SERVER_BASIC_OPERATIONS" end time: Aug 01 20:35 UTC
"TEST_SERVER_BASIC_OPERATIONS" time elapsed: 00:00:22
----------------------------------------------------------

End testing: Aug 01 20:35 UTC
